app/build/intermediates/manifest_merge_blame_file/debug/manifest-merger-blame-debug-report.txt
1<?xml version="1.0" encoding="utf-8"?>
2<manifest xmlns:android="http://schemas.android.com/apk/res/android"
3    package="com.example.myapplication"
4    android:versionCode="1"
5    android:versionName="1.0" >
6
7    <uses-sdk
8        android:minSdkVersion="27"
8-->src\main\AndroidManifest.xml
9        android:targetSdkVersion="28" />
9-->src\main\AndroidManifest.xml
10
11    <application
11-->src\main\AndroidManifest.xml:5:5-33:19
12        android:allowBackup="true"
12-->src\main\AndroidManifest.xml:6:9-35
13        android:appComponentFactory="androidx.core.app.CoreComponentFactory"
13-->[androidx.core:core:1.1.0] AndroidManifest.xml:24:18-86
14        android:debuggable="true"
15        android:extractNativeLibs="false"
16        android:icon="@mipmap/ic_launcher"
16-->src\main\AndroidManifest.xml:7:9-43
17        android:label="HWshop"
17-->src\main\AndroidManifest.xml:8:9-31
18        android:roundIcon="@mipmap/ic_launcher_round"
18-->src\main\AndroidManifest.xml:9:9-54
19        android:supportsRtl="true"
19-->src\main\AndroidManifest.xml:10:9-35
20        android:testOnly="true"
21        android:theme="@style/AppTheme" >
21-->src\main\AndroidManifest.xml:11:9-40
22        <activity
22-->src\main\AndroidManifest.xml:12:9-21:20
23            android:name="com.example.myapplication.MainActivity"
23-->src\main\AndroidManifest.xml:12:19-47
24            android:theme="@style/AppTheme.NoActionBar" >
24-->src\main\AndroidManifest.xml:14:13-56
25            <intent-filter>
25-->src\main\AndroidManifest.xml:16:13-20:29
26                <action android:name="android.intent.action.MAIN" />
26-->src\main\AndroidManifest.xml:17:17-69
26-->src\main\AndroidManifest.xml:17:25-66
27
28                <category android:name="android.intent.category.LAUNCHER" />
28-->src\main\AndroidManifest.xml:19:17-77
28-->src\main\AndroidManifest.xml:19:27-74
29            </intent-filter>
30        </activity>
31        <activity
31-->src\main\AndroidManifest.xml:23:9-28:20
32            android:name="db.Populate"
32-->src\main\AndroidManifest.xml:24:13-39
33            android:exported="true"
33-->src\main\AndroidManifest.xml:25:13-36
34            android:label="@string/app_name"
34-->src\main\AndroidManifest.xml:26:13-45
35            android:theme="@style/AppTheme.NoActionBar" >
35-->src\main\AndroidManifest.xml:27:13-56
36        </activity>
37
38        <meta-data
38-->src\main\AndroidManifest.xml:30:9-32:57
39            android:name="preloaded_fonts"
39-->src\main\AndroidManifest.xml:31:13-43
40            android:resource="@array/preloaded_fonts" />
40-->src\main\AndroidManifest.xml:32:13-54
41
42        <service
42-->[androidx.room:room-runtime:2.2.5] AndroidManifest.xml:25:9-28:40
43            android:name="androidx.room.MultiInstanceInvalidationService"
43-->[androidx.room:room-runtime:2.2.5] AndroidManifest.xml:26:13-74
44            android:directBootAware="true"
44-->[androidx.room:room-runtime:2.2.5] AndroidManifest.xml:27:13-43
45            android:exported="false" />
45-->[androidx.room:room-runtime:2.2.5] AndroidManifest.xml:28:13-37
46
47        <provider
47-->[androidx.lifecycle:lifecycle-process:2.0.0] AndroidManifest.xml:23:9-27:43
48            android:name="androidx.lifecycle.ProcessLifecycleOwnerInitializer"
48-->[androidx.lifecycle:lifecycle-process:2.0.0] AndroidManifest.xml:24:13-79
49            android:authorities="com.example.myapplication.lifecycle-process"
49-->[androidx.lifecycle:lifecycle-process:2.0.0] AndroidManifest.xml:25:13-69
50            android:exported="false"
50-->[androidx.lifecycle:lifecycle-process:2.0.0] AndroidManifest.xml:26:13-37
51            android:multiprocess="true" />
51-->[androidx.lifecycle:lifecycle-process:2.0.0] AndroidManifest.xml:27:13-40
52    </application>
53
54</manifest>